<?xml version="1.0" encoding="UTF-8"?>
<coverage generated="1773821380">
  <project timestamp="1773821380">
    <file name="/app/src/AbstractEntity.php">
      <class name="WPTechnix\WPModels\AbstractEntity" namespace="global">
        <metrics complexity="158" methods="42" coveredmethods="0" conditionals="0" coveredconditionals="0" statements="310" coveredstatements="0" elements="352" coveredelements="0"/>
      </class>
      <line num="17" type="stmt" count="0"/>
      <line num="137" type="method" name="__construct" visibility="private" complexity="1" crap="2" count="0"/>
      <line num="141" type="stmt" count="0"/>
      <line num="153" type="method" name="fromDatabase" visibility="public" complexity="1" crap="2" count="0"/>
      <line num="156" type="stmt" count="0"/>
      <line num="159" type="stmt" count="0"/>
      <line num="162" type="stmt" count="0"/>
      <line num="165" type="stmt" count="0"/>
      <line num="179" type="method" name="create" visibility="public" complexity="2" crap="6" count="0"/>
      <line num="182" type="stmt" count="0"/>
      <line num="185" type="stmt" count="0"/>
      <line num="188" type="stmt" count="0"/>
      <line num="191" type="stmt" count="0"/>
      <line num="192" type="stmt" count="0"/>
      <line num="196" type="stmt" count="0"/>
      <line num="207" type="method" name="toArray" visibility="public" complexity="4" crap="20" count="0"/>
      <line num="209" type="stmt" count="0"/>
      <line num="210" type="stmt" count="0"/>
      <line num="213" type="stmt" count="0"/>
      <line num="214" type="stmt" count="0"/>
      <line num="218" type="stmt" count="0"/>
      <line num="220" type="stmt" count="0"/>
      <line num="221" type="stmt" count="0"/>
      <line num="225" type="stmt" count="0"/>
      <line num="228" type="stmt" count="0"/>
      <line num="239" type="method" name="jsonSerialize" visibility="public" complexity="7" crap="56" count="0"/>
      <line num="241" type="stmt" count="0"/>
      <line num="242" type="stmt" count="0"/>
      <line num="245" type="stmt" count="0"/>
      <line num="246" type="stmt" count="0"/>
      <line num="250" type="stmt" count="0"/>
      <line num="252" type="stmt" count="0"/>
      <line num="253" type="stmt" count="0"/>
      <line num="256" type="stmt" count="0"/>
      <line num="259" type="stmt" count="0"/>
      <line num="261" type="stmt" count="0"/>
      <line num="262" type="stmt" count="0"/>
      <line num="263" type="stmt" count="0"/>
      <line num="264" type="stmt" count="0"/>
      <line num="266" type="stmt" count="0"/>
      <line num="267" type="stmt" count="0"/>
      <line num="269" type="stmt" count="0"/>
      <line num="272" type="stmt" count="0"/>
      <line num="276" type="stmt" count="0"/>
      <line num="287" type="method" name="getModel" visibility="public" complexity="5" crap="30" count="0"/>
      <line num="290" type="stmt" count="0"/>
      <line num="291" type="stmt" count="0"/>
      <line num="295" type="stmt" count="0"/>
      <line num="296" type="stmt" count="0"/>
      <line num="297" type="stmt" count="0"/>
      <line num="298" type="stmt" count="0"/>
      <line num="302" type="stmt" count="0"/>
      <line num="303" type="stmt" count="0"/>
      <line num="304" type="stmt" count="0"/>
      <line num="305" type="stmt" count="0"/>
      <line num="306" type="stmt" count="0"/>
      <line num="307" type="stmt" count="0"/>
      <line num="308" type="stmt" count="0"/>
      <line num="309" type="stmt" count="0"/>
      <line num="313" type="stmt" count="0"/>
      <line num="314" type="stmt" count="0"/>
      <line num="316" type="stmt" count="0"/>
      <line num="327" type="method" name="getPkValue" visibility="public" complexity="2" crap="6" count="0"/>
      <line num="330" type="stmt" count="0"/>
      <line num="333" type="stmt" count="0"/>
      <line num="336" type="stmt" count="0"/>
      <line num="347" type="method" name="setPkValue" visibility="public" complexity="2" crap="6" count="0"/>
      <line num="350" type="stmt" count="0"/>
      <line num="353" type="stmt" count="0"/>
      <line num="354" type="stmt" count="0"/>
      <line num="356" type="stmt" count="0"/>
      <line num="360" type="stmt" count="0"/>
      <line num="373" type="method" name="exists" visibility="public" complexity="4" crap="20" count="0"/>
      <line num="376" type="stmt" count="0"/>
      <line num="379" type="stmt" count="0"/>
      <line num="382" type="stmt" count="0"/>
      <line num="383" type="stmt" count="0"/>
      <line num="387" type="stmt" count="0"/>
      <line num="388" type="stmt" count="0"/>
      <line num="392" type="stmt" count="0"/>
      <line num="403" type="method" name="refresh" visibility="public" complexity="3" crap="12" count="0"/>
      <line num="406" type="stmt" count="0"/>
      <line num="409" type="stmt" count="0"/>
      <line num="410" type="stmt" count="0"/>
      <line num="414" type="stmt" count="0"/>
      <line num="417" type="stmt" count="0"/>
      <line num="418" type="stmt" count="0"/>
      <line num="422" type="stmt" count="0"/>
      <line num="425" type="stmt" count="0"/>
      <line num="428" type="stmt" count="0"/>
      <line num="430" type="stmt" count="0"/>
      <line num="444" type="method" name="save" visibility="public" complexity="11" crap="132" count="0"/>
      <line num="447" type="stmt" count="0"/>
      <line num="449" type="stmt" count="0"/>
      <line num="450" type="stmt" count="0"/>
      <line num="453" type="stmt" count="0"/>
      <line num="455" type="stmt" count="0"/>
      <line num="458" type="stmt" count="0"/>
      <line num="460" type="stmt" count="0"/>
      <line num="463" type="stmt" count="0"/>
      <line num="466" type="stmt" count="0"/>
      <line num="468" type="stmt" count="0"/>
      <line num="470" type="stmt" count="0"/>
      <line num="472" type="stmt" count="0"/>
      <line num="475" type="stmt" count="0"/>
      <line num="477" type="stmt" count="0"/>
      <line num="480" type="stmt" count="0"/>
      <line num="481" type="stmt" count="0"/>
      <line num="484" type="stmt" count="0"/>
      <line num="486" type="stmt" count="0"/>
      <line num="487" type="stmt" count="0"/>
      <line num="491" type="stmt" count="0"/>
      <line num="493" type="stmt" count="0"/>
      <line num="495" type="stmt" count="0"/>
      <line num="501" type="stmt" count="0"/>
      <line num="505" type="stmt" count="0"/>
      <line num="506" type="stmt" count="0"/>
      <line num="509" type="stmt" count="0"/>
      <line num="520" type="method" name="delete" visibility="public" complexity="5" crap="30" count="0"/>
      <line num="523" type="stmt" count="0"/>
      <line num="524" type="stmt" count="0"/>
      <line num="528" type="stmt" count="0"/>
      <line num="531" type="stmt" count="0"/>
      <line num="532" type="stmt" count="0"/>
      <line num="536" type="stmt" count="0"/>
      <line num="538" type="stmt" count="0"/>
      <line num="539" type="stmt" count="0"/>
      <line num="540" type="stmt" count="0"/>
      <line num="542" type="stmt" count="0"/>
      <line num="545" type="stmt" count="0"/>
      <line num="556" type="method" name="isNew" visibility="public" complexity="1" crap="2" count="0"/>
      <line num="558" type="stmt" count="0"/>
      <line num="569" type="method" name="isDirty" visibility="public" complexity="1" crap="2" count="0"/>
      <line num="571" type="stmt" count="0"/>
      <line num="583" type="method" name="isAttributeDirty" visibility="public" complexity="3" crap="12" count="0"/>
      <line num="586" type="stmt" count="0"/>
      <line num="587" type="stmt" count="0"/>
      <line num="591" type="stmt" count="0"/>
      <line num="592" type="stmt" count="0"/>
      <line num="596" type="stmt" count="0"/>
      <line num="609" type="method" name="getOriginal" visibility="public" complexity="1" crap="2" count="0"/>
      <line num="611" type="stmt" count="0"/>
      <line num="622" type="method" name="getAttributes" visibility="public" complexity="1" crap="2" count="0"/>
      <line num="624" type="stmt" count="0"/>
      <line num="637" type="method" name="getAttribute" visibility="public" complexity="1" crap="2" count="0"/>
      <line num="639" type="stmt" count="0"/>
      <line num="651" type="method" name="setAttribute" visibility="public" complexity="4" crap="20" count="0"/>
      <line num="654" type="stmt" count="0"/>
      <line num="655" type="stmt" count="0"/>
      <line num="657" type="stmt" count="0"/>
      <line num="661" type="stmt" count="0"/>
      <line num="663" type="stmt" count="0"/>
      <line num="664" type="stmt" count="0"/>
      <line num="666" type="stmt" count="0"/>
      <line num="670" type="stmt" count="0"/>
      <line num="679" type="method" name="beforeSave" visibility="protected" complexity="1" crap="2" count="0"/>
      <line num="682" type="stmt" count="0"/>
      <line num="690" type="method" name="afterSave" visibility="protected" complexity="1" crap="2" count="0"/>
      <line num="693" type="stmt" count="0"/>
      <line num="704" type="method" name="hydrate" visibility="protected" complexity="5" crap="30" count="0"/>
      <line num="707" type="stmt" count="0"/>
      <line num="710" type="stmt" count="0"/>
      <line num="713" type="stmt" count="0"/>
      <line num="715" type="stmt" count="0"/>
      <line num="716" type="stmt" count="0"/>
      <line num="717" type="stmt" count="0"/>
      <line num="721" type="stmt" count="0"/>
      <line num="723" type="stmt" count="0"/>
      <line num="724" type="stmt" count="0"/>
      <line num="736" type="method" name="fill" visibility="protected" complexity="2" crap="6" count="0"/>
      <line num="738" type="stmt" count="0"/>
      <line num="740" type="stmt" count="0"/>
      <line num="751" type="method" name="syncOriginal" visibility="protected" complexity="1" crap="2" count="0"/>
      <line num="755" type="stmt" count="0"/>
      <line num="758" type="stmt" count="0"/>
      <line num="772" type="method" name="castAttribute" visibility="protected" complexity="7" crap="56" count="0"/>
      <line num="775" type="stmt" count="0"/>
      <line num="778" type="stmt" count="0"/>
      <line num="779" type="stmt" count="0"/>
      <line num="783" type="stmt" count="0"/>
      <line num="785" type="stmt" count="0"/>
      <line num="789" type="stmt" count="0"/>
      <line num="790" type="stmt" count="0"/>
      <line num="791" type="stmt" count="0"/>
      <line num="792" type="stmt" count="0"/>
      <line num="793" type="stmt" count="0"/>
      <line num="794" type="stmt" count="0"/>
      <line num="795" type="stmt" count="0"/>
      <line num="796" type="stmt" count="0"/>
      <line num="797" type="stmt" count="0"/>
      <line num="811" type="method" name="serializeAttribute" visibility="protected" complexity="8" crap="72" count="0"/>
      <line num="814" type="stmt" count="0"/>
      <line num="817" type="stmt" count="0"/>
      <line num="818" type="stmt" count="0"/>
      <line num="822" type="stmt" count="0"/>
      <line num="824" type="stmt" count="0"/>
      <line num="825" type="stmt" count="0"/>
      <line num="829" type="stmt" count="0"/>
      <line num="830" type="stmt" count="0"/>
      <line num="834" type="stmt" count="0"/>
      <line num="838" type="stmt" count="0"/>
      <line num="839" type="stmt" count="0"/>
      <line num="840" type="stmt" count="0"/>
      <line num="841" type="stmt" count="0"/>
      <line num="842" type="stmt" count="0"/>
      <line num="843" type="stmt" count="0"/>
      <line num="844" type="stmt" count="0"/>
      <line num="845" type="stmt" count="0"/>
      <line num="846" type="stmt" count="0"/>
      <line num="860" type="method" name="castToEnum" visibility="protected" complexity="7" crap="56" count="0"/>
      <line num="863" type="stmt" count="0"/>
      <line num="864" type="stmt" count="0"/>
      <line num="870" type="stmt" count="0"/>
      <line num="871" type="stmt" count="0"/>
      <line num="875" type="stmt" count="0"/>
      <line num="876" type="stmt" count="0"/>
      <line num="880" type="stmt" count="0"/>
      <line num="881" type="stmt" count="0"/>
      <line num="885" type="stmt" count="0"/>
      <line num="898" type="method" name="castToDateTime" visibility="protected" complexity="7" crap="56" count="0"/>
      <line num="901" type="stmt" count="0"/>
      <line num="904" type="stmt" count="0"/>
      <line num="905" type="stmt" count="0"/>
      <line num="909" type="stmt" count="0"/>
      <line num="910" type="stmt" count="0"/>
      <line num="914" type="stmt" count="0"/>
      <line num="915" type="stmt" count="0"/>
      <line num="919" type="stmt" count="0"/>
      <line num="920" type="stmt" count="0"/>
      <line num="925" type="stmt" count="0"/>
      <line num="926" type="stmt" count="0"/>
      <line num="928" type="stmt" count="0"/>
      <line num="942" type="method" name="castToJson" visibility="protected" complexity="7" crap="56" count="0"/>
      <line num="945" type="stmt" count="0"/>
      <line num="946" type="stmt" count="0"/>
      <line num="950" type="stmt" count="0"/>
      <line num="951" type="stmt" count="0"/>
      <line num="955" type="stmt" count="0"/>
      <line num="956" type="stmt" count="0"/>
      <line num="961" type="stmt" count="0"/>
      <line num="964" type="stmt" count="0"/>
      <line num="965" type="stmt" count="0"/>
      <line num="967" type="stmt" count="0"/>
      <line num="981" type="method" name="serializeDate" visibility="protected" complexity="1" crap="2" count="0"/>
      <line num="984" type="stmt" count="0"/>
      <line num="985" type="stmt" count="0"/>
      <line num="986" type="stmt" count="0"/>
      <line num="999" type="method" name="serializeJson" visibility="protected" complexity="2" crap="6" count="0"/>
      <line num="1002" type="stmt" count="0"/>
      <line num="1005" type="stmt" count="0"/>
      <line num="1006" type="stmt" count="0"/>
      <line num="1009" type="stmt" count="0"/>
      <line num="1022" type="method" name="localizeDate" visibility="protected" complexity="2" crap="6" count="0"/>
      <line num="1026" type="stmt" count="0"/>
      <line num="1027" type="stmt" count="0"/>
      <line num="1029" type="stmt" count="0"/>
      <line num="1041" type="method" name="getDirtyData" visibility="protected" complexity="6" crap="42" count="0"/>
      <line num="1043" type="stmt" count="0"/>
      <line num="1045" type="stmt" count="0"/>
      <line num="1047" type="stmt" count="0"/>
      <line num="1048" type="stmt" count="0"/>
      <line num="1052" type="stmt" count="0"/>
      <line num="1053" type="stmt" count="0"/>
      <line num="1055" type="stmt" count="0"/>
      <line num="1059" type="stmt" count="0"/>
      <line num="1062" type="stmt" count="0"/>
      <line num="1063" type="stmt" count="0"/>
      <line num="1067" type="stmt" count="0"/>
      <line num="1068" type="stmt" count="0"/>
      <line num="1072" type="stmt" count="0"/>
      <line num="1086" type="method" name="hasSemanticChange" visibility="protected" complexity="15" crap="240" count="0"/>
      <line num="1089" type="stmt" count="0"/>
      <line num="1090" type="stmt" count="0"/>
      <line num="1093" type="stmt" count="0"/>
      <line num="1094" type="stmt" count="0"/>
      <line num="1098" type="stmt" count="0"/>
      <line num="1099" type="stmt" count="0"/>
      <line num="1103" type="stmt" count="0"/>
      <line num="1104" type="stmt" count="0"/>
      <line num="1108" type="stmt" count="0"/>
      <line num="1109" type="stmt" count="0"/>
      <line num="1112" type="stmt" count="0"/>
      <line num="1113" type="stmt" count="0"/>
      <line num="1117" type="stmt" count="0"/>
      <line num="1118" type="stmt" count="0"/>
      <line num="1122" type="stmt" count="0"/>
      <line num="1135" type="method" name="camelToSnake" visibility="protected" complexity="2" crap="6" count="0"/>
      <line num="1138" type="stmt" count="0"/>
      <line num="1139" type="stmt" count="0"/>
      <line num="1143" type="stmt" count="0"/>
      <line num="1144" type="stmt" count="0"/>
      <line num="1145" type="stmt" count="0"/>
      <line num="1148" type="stmt" count="0"/>
      <line num="1150" type="stmt" count="0"/>
      <line num="1163" type="method" name="cloneValueForSnapshot" visibility="private" complexity="5" crap="30" count="0"/>
      <line num="1166" type="stmt" count="0"/>
      <line num="1167" type="stmt" count="0"/>
      <line num="1171" type="stmt" count="0"/>
      <line num="1172" type="stmt" count="0"/>
      <line num="1176" type="stmt" count="0"/>
      <line num="1177" type="stmt" count="0"/>
      <line num="1182" type="stmt" count="0"/>
      <line num="1184" type="stmt" count="0"/>
      <line num="1186" type="stmt" count="0"/>
      <line num="1195" type="method" name="getUtcTimezone" visibility="private" complexity="2" crap="6" count="0"/>
      <line num="1197" type="stmt" count="0"/>
      <line num="1198" type="stmt" count="0"/>
      <line num="1201" type="stmt" count="0"/>
      <line num="1210" type="method" name="__clone" visibility="public" complexity="6" crap="42" count="0"/>
      <line num="1213" type="stmt" count="0"/>
      <line num="1214" type="stmt" count="0"/>
      <line num="1215" type="stmt" count="0"/>
      <line num="1218" type="stmt" count="0"/>
      <line num="1221" type="stmt" count="0"/>
      <line num="1223" type="stmt" count="0"/>
      <line num="1224" type="stmt" count="0"/>
      <line num="1228" type="stmt" count="0"/>
      <line num="1229" type="stmt" count="0"/>
      <line num="1233" type="stmt" count="0"/>
      <line num="1234" type="stmt" count="0"/>
      <line num="1239" type="stmt" count="0"/>
      <line num="1241" type="stmt" count="0"/>
      <line num="1243" type="stmt" count="0"/>
      <line num="1260" type="method" name="__get" visibility="public" complexity="5" crap="30" count="0"/>
      <line num="1263" type="stmt" count="0"/>
      <line num="1265" type="stmt" count="0"/>
      <line num="1267" type="stmt" count="0"/>
      <line num="1271" type="stmt" count="0"/>
      <line num="1274" type="stmt" count="0"/>
      <line num="1276" type="stmt" count="0"/>
      <line num="1277" type="stmt" count="0"/>
      <line num="1280" type="stmt" count="0"/>
      <line num="1284" type="stmt" count="0"/>
      <line num="1287" type="stmt" count="0"/>
      <line num="1288" type="stmt" count="0"/>
      <line num="1291" type="stmt" count="0"/>
      <line num="1303" type="method" name="__set" visibility="public" complexity="4" crap="20" count="0"/>
      <line num="1306" type="stmt" count="0"/>
      <line num="1309" type="stmt" count="0"/>
      <line num="1311" type="stmt" count="0"/>
      <line num="1312" type="stmt" count="0"/>
      <line num="1314" type="stmt" count="0"/>
      <line num="1318" type="stmt" count="0"/>
      <line num="1322" type="stmt" count="0"/>
      <line num="1335" type="method" name="__isset" visibility="public" complexity="2" crap="6" count="0"/>
      <line num="1338" type="stmt" count="0"/>
      <line num="1340" type="stmt" count="0"/>
      <line num="1341" type="stmt" count="0"/>
      <line num="1345" type="stmt" count="0"/>
      <line num="1347" type="stmt" count="0"/>
      <line num="1357" type="method" name="__unset" visibility="public" complexity="1" crap="2" count="0"/>
      <line num="1359" type="stmt" count="0"/>
      <line num="1361" type="stmt" count="0"/>
      <metrics loc="1364" ncloc="736" classes="1" methods="42" coveredmethods="0" conditionals="0" coveredconditionals="0" statements="311" coveredstatements="0" elements="353" coveredelements="0"/>
    </file>
    <file name="/app/src/AbstractModel.php">
      <class name="WPTechnix\WPModels\AbstractModel" namespace="global">
        <metrics complexity="211" methods="46" coveredmethods="0" conditionals="0" coveredconditionals="0" statements="555" coveredstatements="0" elements="601" coveredelements="0"/>
      </class>
      <line num="12" type="stmt" count="0"/>
      <line num="154" type="method" name="__construct" visibility="private" complexity="2" crap="6" count="0"/>
      <line num="156" type="stmt" count="0"/>
      <line num="158" type="stmt" count="0"/>
      <line num="159" type="stmt" count="0"/>
      <line num="162" type="stmt" count="0"/>
      <line num="163" type="stmt" count="0"/>
      <line num="171" type="method" name="instance" visibility="public" complexity="2" crap="6" count="0"/>
      <line num="173" type="stmt" count="0"/>
      <line num="174" type="stmt" count="0"/>
      <line num="178" type="stmt" count="0"/>
      <line num="180" type="stmt" count="0"/>
      <line num="191" type="method" name="getLastError" visibility="public" complexity="1" crap="2" count="0"/>
      <line num="193" type="stmt" count="0"/>
      <line num="203" type="method" name="find" visibility="public" complexity="6" crap="42" count="0"/>
      <line num="205" type="stmt" count="0"/>
      <line num="206" type="stmt" count="0"/>
      <line num="210" type="stmt" count="0"/>
      <line num="212" type="stmt" count="0"/>
      <line num="214" type="stmt" count="0"/>
      <line num="217" type="stmt" count="0"/>
      <line num="219" type="stmt" count="0"/>
      <line num="223" type="stmt" count="0"/>
      <line num="224" type="stmt" count="0"/>
      <line num="227" type="stmt" count="0"/>
      <line num="228" type="stmt" count="0"/>
      <line num="229" type="stmt" count="0"/>
      <line num="230" type="stmt" count="0"/>
      <line num="233" type="stmt" count="0"/>
      <line num="235" type="stmt" count="0"/>
      <line num="237" type="stmt" count="0"/>
      <line num="240" type="stmt" count="0"/>
      <line num="242" type="stmt" count="0"/>
      <line num="245" type="stmt" count="0"/>
      <line num="257" type="method" name="findMany" visibility="public" complexity="19" crap="380" count="0"/>
      <line num="259" type="stmt" count="0"/>
      <line num="260" type="stmt" count="0"/>
      <line num="263" type="stmt" count="0"/>
      <line num="265" type="stmt" count="0"/>
      <line num="266" type="stmt" count="0"/>
      <line num="269" type="stmt" count="0"/>
      <line num="270" type="stmt" count="0"/>
      <line num="271" type="stmt" count="0"/>
      <line num="274" type="stmt" count="0"/>
      <line num="275" type="stmt" count="0"/>
      <line num="279" type="stmt" count="0"/>
      <line num="281" type="stmt" count="0"/>
      <line num="282" type="stmt" count="0"/>
      <line num="283" type="stmt" count="0"/>
      <line num="285" type="stmt" count="0"/>
      <line num="286" type="stmt" count="0"/>
      <line num="287" type="stmt" count="0"/>
      <line num="289" type="stmt" count="0"/>
      <line num="290" type="stmt" count="0"/>
      <line num="296" type="stmt" count="0"/>
      <line num="297" type="stmt" count="0"/>
      <line num="299" type="stmt" count="0"/>
      <line num="300" type="stmt" count="0"/>
      <line num="302" type="stmt" count="0"/>
      <line num="304" type="stmt" count="0"/>
      <line num="307" type="stmt" count="0"/>
      <line num="308" type="stmt" count="0"/>
      <line num="310" type="stmt" count="0"/>
      <line num="311" type="stmt" count="0"/>
      <line num="314" type="stmt" count="0"/>
      <line num="317" type="stmt" count="0"/>
      <line num="322" type="stmt" count="0"/>
      <line num="323" type="stmt" count="0"/>
      <line num="325" type="stmt" count="0"/>
      <line num="326" type="stmt" count="0"/>
      <line num="327" type="stmt" count="0"/>
      <line num="329" type="stmt" count="0"/>
      <line num="330" type="stmt" count="0"/>
      <line num="331" type="stmt" count="0"/>
      <line num="334" type="stmt" count="0"/>
      <line num="340" type="stmt" count="0"/>
      <line num="350" type="method" name="exists" visibility="public" complexity="5" crap="30" count="0"/>
      <line num="352" type="stmt" count="0"/>
      <line num="353" type="stmt" count="0"/>
      <line num="357" type="stmt" count="0"/>
      <line num="359" type="stmt" count="0"/>
      <line num="360" type="stmt" count="0"/>
      <line num="363" type="stmt" count="0"/>
      <line num="364" type="stmt" count="0"/>
      <line num="367" type="stmt" count="0"/>
      <line num="368" type="stmt" count="0"/>
      <line num="371" type="stmt" count="0"/>
      <line num="372" type="stmt" count="0"/>
      <line num="373" type="stmt" count="0"/>
      <line num="376" type="stmt" count="0"/>
      <line num="377" type="stmt" count="0"/>
      <line num="379" type="stmt" count="0"/>
      <line num="382" type="stmt" count="0"/>
      <line num="393" type="method" name="create" visibility="public" complexity="6" crap="42" count="0"/>
      <line num="395" type="stmt" count="0"/>
      <line num="397" type="stmt" count="0"/>
      <line num="399" type="stmt" count="0"/>
      <line num="400" type="stmt" count="0"/>
      <line num="402" type="stmt" count="0"/>
      <line num="405" type="stmt" count="0"/>
      <line num="406" type="stmt" count="0"/>
      <line num="407" type="stmt" count="0"/>
      <line num="408" type="stmt" count="0"/>
      <line num="409" type="stmt" count="0"/>
      <line num="411" type="stmt" count="0"/>
      <line num="412" type="stmt" count="0"/>
      <line num="413" type="stmt" count="0"/>
      <line num="414" type="stmt" count="0"/>
      <line num="416" type="stmt" count="0"/>
      <line num="419" type="stmt" count="0"/>
      <line num="420" type="stmt" count="0"/>
      <line num="422" type="stmt" count="0"/>
      <line num="425" type="stmt" count="0"/>
      <line num="426" type="stmt" count="0"/>
      <line num="428" type="stmt" count="0"/>
      <line num="429" type="stmt" count="0"/>
      <line num="432" type="stmt" count="0"/>
      <line num="446" type="method" name="createMany" visibility="public" complexity="14" crap="210" count="0"/>
      <line num="448" type="stmt" count="0"/>
      <line num="450" type="stmt" count="0"/>
      <line num="451" type="stmt" count="0"/>
      <line num="454" type="stmt" count="0"/>
      <line num="455" type="stmt" count="0"/>
      <line num="456" type="stmt" count="0"/>
      <line num="458" type="stmt" count="0"/>
      <line num="459" type="stmt" count="0"/>
      <line num="461" type="stmt" count="0"/>
      <line num="462" type="stmt" count="0"/>
      <line num="465" type="stmt" count="0"/>
      <line num="467" type="stmt" count="0"/>
      <line num="468" type="stmt" count="0"/>
      <line num="471" type="stmt" count="0"/>
      <line num="472" type="stmt" count="0"/>
      <line num="474" type="stmt" count="0"/>
      <line num="475" type="stmt" count="0"/>
      <line num="477" type="stmt" count="0"/>
      <line num="478" type="stmt" count="0"/>
      <line num="479" type="stmt" count="0"/>
      <line num="482" type="stmt" count="0"/>
      <line num="485" type="stmt" count="0"/>
      <line num="487" type="stmt" count="0"/>
      <line num="488" type="stmt" count="0"/>
      <line num="489" type="stmt" count="0"/>
      <line num="490" type="stmt" count="0"/>
      <line num="493" type="stmt" count="0"/>
      <line num="496" type="stmt" count="0"/>
      <line num="497" type="stmt" count="0"/>
      <line num="500" type="stmt" count="0"/>
      <line num="503" type="stmt" count="0"/>
      <line num="506" type="stmt" count="0"/>
      <line num="508" type="stmt" count="0"/>
      <line num="509" type="stmt" count="0"/>
      <line num="510" type="stmt" count="0"/>
      <line num="511" type="stmt" count="0"/>
      <line num="512" type="stmt" count="0"/>
      <line num="513" type="stmt" count="0"/>
      <line num="517" type="stmt" count="0"/>
      <line num="518" type="stmt" count="0"/>
      <line num="521" type="stmt" count="0"/>
      <line num="533" type="method" name="update" visibility="public" complexity="6" crap="42" count="0"/>
      <line num="535" type="stmt" count="0"/>
      <line num="537" type="stmt" count="0"/>
      <line num="538" type="stmt" count="0"/>
      <line num="540" type="stmt" count="0"/>
      <line num="543" type="stmt" count="0"/>
      <line num="545" type="stmt" count="0"/>
      <line num="546" type="stmt" count="0"/>
      <line num="548" type="stmt" count="0"/>
      <line num="551" type="stmt" count="0"/>
      <line num="552" type="stmt" count="0"/>
      <line num="553" type="stmt" count="0"/>
      <line num="554" type="stmt" count="0"/>
      <line num="555" type="stmt" count="0"/>
      <line num="556" type="stmt" count="0"/>
      <line num="557" type="stmt" count="0"/>
      <line num="559" type="stmt" count="0"/>
      <line num="560" type="stmt" count="0"/>
      <line num="561" type="stmt" count="0"/>
      <line num="562" type="stmt" count="0"/>
      <line num="564" type="stmt" count="0"/>
      <line num="567" type="stmt" count="0"/>
      <line num="569" type="stmt" count="0"/>
      <line num="570" type="stmt" count="0"/>
      <line num="573" type="stmt" count="0"/>
      <line num="584" type="method" name="delete" visibility="public" complexity="6" crap="42" count="0"/>
      <line num="586" type="stmt" count="0"/>
      <line num="588" type="stmt" count="0"/>
      <line num="589" type="stmt" count="0"/>
      <line num="591" type="stmt" count="0"/>
      <line num="594" type="stmt" count="0"/>
      <line num="595" type="stmt" count="0"/>
      <line num="596" type="stmt" count="0"/>
      <line num="597" type="stmt" count="0"/>
      <line num="598" type="stmt" count="0"/>
      <line num="600" type="stmt" count="0"/>
      <line num="601" type="stmt" count="0"/>
      <line num="602" type="stmt" count="0"/>
      <line num="603" type="stmt" count="0"/>
      <line num="605" type="stmt" count="0"/>
      <line num="608" type="stmt" count="0"/>
      <line num="609" type="stmt" count="0"/>
      <line num="611" type="stmt" count="0"/>
      <line num="614" type="stmt" count="0"/>
      <line num="616" type="stmt" count="0"/>
      <line num="617" type="stmt" count="0"/>
      <line num="620" type="stmt" count="0"/>
      <line num="632" type="method" name="findWhere" visibility="public" complexity="11" crap="132" count="0"/>
      <line num="634" type="stmt" count="0"/>
      <line num="635" type="stmt" count="0"/>
      <line num="636" type="stmt" count="0"/>
      <line num="637" type="stmt" count="0"/>
      <line num="640" type="stmt" count="0"/>
      <line num="641" type="stmt" count="0"/>
      <line num="643" type="stmt" count="0"/>
      <line num="644" type="stmt" count="0"/>
      <line num="646" type="stmt" count="0"/>
      <line num="647" type="stmt" count="0"/>
      <line num="649" type="stmt" count="0"/>
      <line num="651" type="stmt" count="0"/>
      <line num="652" type="stmt" count="0"/>
      <line num="655" type="stmt" count="0"/>
      <line num="657" type="stmt" count="0"/>
      <line num="661" type="stmt" count="0"/>
      <line num="663" type="stmt" count="0"/>
      <line num="664" type="stmt" count="0"/>
      <line num="667" type="stmt" count="0"/>
      <line num="668" type="stmt" count="0"/>
      <line num="671" type="stmt" count="0"/>
      <line num="672" type="stmt" count="0"/>
      <line num="677" type="stmt" count="0"/>
      <line num="680" type="stmt" count="0"/>
      <line num="682" type="stmt" count="0"/>
      <line num="683" type="stmt" count="0"/>
      <line num="684" type="stmt" count="0"/>
      <line num="689" type="stmt" count="0"/>
      <line num="700" type="method" name="findOneWhere" visibility="public" complexity="2" crap="6" count="0"/>
      <line num="702" type="stmt" count="0"/>
      <line num="704" type="stmt" count="0"/>
      <line num="705" type="stmt" count="0"/>
      <line num="708" type="stmt" count="0"/>
      <line num="719" type="method" name="findBy" visibility="public" complexity="1" crap="2" count="0"/>
      <line num="721" type="stmt" count="0"/>
      <line num="722" type="stmt" count="0"/>
      <line num="723" type="stmt" count="0"/>
      <line num="734" type="method" name="findOneBy" visibility="public" complexity="1" crap="2" count="0"/>
      <line num="736" type="stmt" count="0"/>
      <line num="737" type="stmt" count="0"/>
      <line num="738" type="stmt" count="0"/>
      <line num="749" type="method" name="firstOrCreate" visibility="public" complexity="4" crap="20" count="0"/>
      <line num="751" type="stmt" count="0"/>
      <line num="753" type="stmt" count="0"/>
      <line num="754" type="stmt" count="0"/>
      <line num="756" type="stmt" count="0"/>
      <line num="760" type="stmt" count="0"/>
      <line num="763" type="stmt" count="0"/>
      <line num="765" type="stmt" count="0"/>
      <line num="766" type="stmt" count="0"/>
      <line num="770" type="stmt" count="0"/>
      <line num="772" type="stmt" count="0"/>
      <line num="774" type="stmt" count="0"/>
      <line num="776" type="stmt" count="0"/>
      <line num="780" type="stmt" count="0"/>
      <line num="782" type="stmt" count="0"/>
      <line num="793" type="method" name="updateOrCreate" visibility="public" complexity="6" crap="42" count="0"/>
      <line num="795" type="stmt" count="0"/>
      <line num="797" type="stmt" count="0"/>
      <line num="798" type="stmt" count="0"/>
      <line num="800" type="stmt" count="0"/>
      <line num="804" type="stmt" count="0"/>
      <line num="807" type="stmt" count="0"/>
      <line num="809" type="stmt" count="0"/>
      <line num="810" type="stmt" count="0"/>
      <line num="812" type="stmt" count="0"/>
      <line num="813" type="stmt" count="0"/>
      <line num="815" type="stmt" count="0"/>
      <line num="819" type="stmt" count="0"/>
      <line num="821" type="stmt" count="0"/>
      <line num="825" type="stmt" count="0"/>
      <line num="827" type="stmt" count="0"/>
      <line num="831" type="stmt" count="0"/>
      <line num="833" type="stmt" count="0"/>
      <line num="835" type="stmt" count="0"/>
      <line num="837" type="stmt" count="0"/>
      <line num="841" type="stmt" count="0"/>
      <line num="843" type="stmt" count="0"/>
      <line num="856" type="method" name="paginate" visibility="public" complexity="8" crap="72" count="0"/>
      <line num="862" type="stmt" count="0"/>
      <line num="863" type="stmt" count="0"/>
      <line num="864" type="stmt" count="0"/>
      <line num="865" type="stmt" count="0"/>
      <line num="866" type="stmt" count="0"/>
      <line num="869" type="stmt" count="0"/>
      <line num="871" type="stmt" count="0"/>
      <line num="873" type="stmt" count="0"/>
      <line num="875" type="stmt" count="0"/>
      <line num="879" type="stmt" count="0"/>
      <line num="880" type="stmt" count="0"/>
      <line num="882" type="stmt" count="0"/>
      <line num="883" type="stmt" count="0"/>
      <line num="885" type="stmt" count="0"/>
      <line num="886" type="stmt" count="0"/>
      <line num="887" type="stmt" count="0"/>
      <line num="888" type="stmt" count="0"/>
      <line num="890" type="stmt" count="0"/>
      <line num="891" type="stmt" count="0"/>
      <line num="894" type="stmt" count="0"/>
      <line num="896" type="stmt" count="0"/>
      <line num="898" type="stmt" count="0"/>
      <line num="903" type="stmt" count="0"/>
      <line num="905" type="stmt" count="0"/>
      <line num="907" type="stmt" count="0"/>
      <line num="908" type="stmt" count="0"/>
      <line num="909" type="stmt" count="0"/>
      <line num="913" type="stmt" count="0"/>
      <line num="916" type="stmt" count="0"/>
      <line num="926" type="method" name="countWhere" visibility="public" complexity="3" crap="12" count="0"/>
      <line num="928" type="stmt" count="0"/>
      <line num="929" type="stmt" count="0"/>
      <line num="931" type="stmt" count="0"/>
      <line num="932" type="stmt" count="0"/>
      <line num="935" type="stmt" count="0"/>
      <line num="936" type="stmt" count="0"/>
      <line num="938" type="stmt" count="0"/>
      <line num="940" type="stmt" count="0"/>
      <line num="942" type="stmt" count="0"/>
      <line num="946" type="stmt" count="0"/>
      <line num="948" type="stmt" count="0"/>
      <line num="950" type="stmt" count="0"/>
      <line num="965" type="method" name="deleteWhere" visibility="public" complexity="6" crap="42" count="0"/>
      <line num="967" type="stmt" count="0"/>
      <line num="969" type="stmt" count="0"/>
      <line num="970" type="stmt" count="0"/>
      <line num="973" type="stmt" count="0"/>
      <line num="974" type="stmt" count="0"/>
      <line num="976" type="stmt" count="0"/>
      <line num="978" type="stmt" count="0"/>
      <line num="980" type="stmt" count="0"/>
      <line num="984" type="stmt" count="0"/>
      <line num="986" type="stmt" count="0"/>
      <line num="987" type="stmt" count="0"/>
      <line num="988" type="stmt" count="0"/>
      <line num="989" type="stmt" count="0"/>
      <line num="991" type="stmt" count="0"/>
      <line num="994" type="stmt" count="0"/>
      <line num="995" type="stmt" count="0"/>
      <line num="998" type="stmt" count="0"/>
      <line num="1014" type="method" name="updateWhere" visibility="public" complexity="7" crap="56" count="0"/>
      <line num="1016" type="stmt" count="0"/>
      <line num="1018" type="stmt" count="0"/>
      <line num="1019" type="stmt" count="0"/>
      <line num="1022" type="stmt" count="0"/>
      <line num="1024" type="stmt" count="0"/>
      <line num="1025" type="stmt" count="0"/>
      <line num="1027" type="stmt" count="0"/>
      <line num="1030" type="stmt" count="0"/>
      <line num="1031" type="stmt" count="0"/>
      <line num="1034" type="stmt" count="0"/>
      <line num="1035" type="stmt" count="0"/>
      <line num="1037" type="stmt" count="0"/>
      <line num="1038" type="stmt" count="0"/>
      <line num="1039" type="stmt" count="0"/>
      <line num="1040" type="stmt" count="0"/>
      <line num="1043" type="stmt" count="0"/>
      <line num="1045" type="stmt" count="0"/>
      <line num="1047" type="stmt" count="0"/>
      <line num="1049" type="stmt" count="0"/>
      <line num="1052" type="stmt" count="0"/>
      <line num="1055" type="stmt" count="0"/>
      <line num="1057" type="stmt" count="0"/>
      <line num="1058" type="stmt" count="0"/>
      <line num="1059" type="stmt" count="0"/>
      <line num="1060" type="stmt" count="0"/>
      <line num="1062" type="stmt" count="0"/>
      <line num="1065" type="stmt" count="0"/>
      <line num="1066" type="stmt" count="0"/>
      <line num="1069" type="stmt" count="0"/>
      <line num="1081" type="method" name="pluck" visibility="public" complexity="13" crap="182" count="0"/>
      <line num="1083" type="stmt" count="0"/>
      <line num="1085" type="stmt" count="0"/>
      <line num="1086" type="stmt" count="0"/>
      <line num="1089" type="stmt" count="0"/>
      <line num="1090" type="stmt" count="0"/>
      <line num="1093" type="stmt" count="0"/>
      <line num="1094" type="stmt" count="0"/>
      <line num="1096" type="stmt" count="0"/>
      <line num="1098" type="stmt" count="0"/>
      <line num="1100" type="stmt" count="0"/>
      <line num="1102" type="stmt" count="0"/>
      <line num="1105" type="stmt" count="0"/>
      <line num="1107" type="stmt" count="0"/>
      <line num="1110" type="stmt" count="0"/>
      <line num="1111" type="stmt" count="0"/>
      <line num="1114" type="stmt" count="0"/>
      <line num="1116" type="stmt" count="0"/>
      <line num="1117" type="stmt" count="0"/>
      <line num="1118" type="stmt" count="0"/>
      <line num="1122" type="stmt" count="0"/>
      <line num="1126" type="stmt" count="0"/>
      <line num="1128" type="stmt" count="0"/>
      <line num="1143" type="method" name="increment" visibility="public" complexity="8" crap="72" count="0"/>
      <line num="1145" type="stmt" count="0"/>
      <line num="1147" type="stmt" count="0"/>
      <line num="1148" type="stmt" count="0"/>
      <line num="1150" type="stmt" count="0"/>
      <line num="1153" type="stmt" count="0"/>
      <line num="1155" type="stmt" count="0"/>
      <line num="1158" type="stmt" count="0"/>
      <line num="1160" type="stmt" count="0"/>
      <line num="1161" type="stmt" count="0"/>
      <line num="1164" type="stmt" count="0"/>
      <line num="1165" type="stmt" count="0"/>
      <line num="1169" type="stmt" count="0"/>
      <line num="1170" type="stmt" count="0"/>
      <line num="1171" type="stmt" count="0"/>
      <line num="1172" type="stmt" count="0"/>
      <line num="1173" type="stmt" count="0"/>
      <line num="1175" type="stmt" count="0"/>
      <line num="1178" type="stmt" count="0"/>
      <line num="1179" type="stmt" count="0"/>
      <line num="1180" type="stmt" count="0"/>
      <line num="1181" type="stmt" count="0"/>
      <line num="1183" type="stmt" count="0"/>
      <line num="1186" type="stmt" count="0"/>
      <line num="1187" type="stmt" count="0"/>
      <line num="1189" type="stmt" count="0"/>
      <line num="1192" type="stmt" count="0"/>
      <line num="1194" type="stmt" count="0"/>
      <line num="1195" type="stmt" count="0"/>
      <line num="1198" type="stmt" count="0"/>
      <line num="1213" type="method" name="decrement" visibility="public" complexity="1" crap="2" count="0"/>
      <line num="1215" type="stmt" count="0"/>
      <line num="1223" type="method" name="invalidateQueryCache" visibility="public" complexity="2" crap="6" count="0"/>
      <line num="1225" type="stmt" count="0"/>
      <line num="1226" type="stmt" count="0"/>
      <line num="1229" type="stmt" count="0"/>
      <line num="1230" type="stmt" count="0"/>
      <line num="1231" type="stmt" count="0"/>
      <line num="1232" type="stmt" count="0"/>
      <line num="1233" type="stmt" count="0"/>
      <line num="1234" type="stmt" count="0"/>
      <line num="1244" type="method" name="clearEntityCaches" visibility="public" complexity="5" crap="30" count="0"/>
      <line num="1246" type="stmt" count="0"/>
      <line num="1247" type="stmt" count="0"/>
      <line num="1250" type="stmt" count="0"/>
      <line num="1251" type="stmt" count="0"/>
      <line num="1252" type="stmt" count="0"/>
      <line num="1262" type="method" name="getTableName" visibility="public" complexity="3" crap="12" count="0"/>
      <line num="1264" type="stmt" count="0"/>
      <line num="1265" type="stmt" count="0"/>
      <line num="1268" type="stmt" count="0"/>
      <line num="1269" type="stmt" count="0"/>
      <line num="1271" type="stmt" count="0"/>
      <line num="1273" type="stmt" count="0"/>
      <line num="1281" type="method" name="getPrimaryKey" visibility="public" complexity="1" crap="2" count="0"/>
      <line num="1283" type="stmt" count="0"/>
      <line num="1304" type="method" name="chunk" visibility="public" complexity="2" crap="6" count="0"/>
      <line num="1307" type="stmt" count="0"/>
      <line num="1308" type="stmt" count="0"/>
      <line num="1310" type="stmt" count="0"/>
      <line num="1311" type="stmt" count="0"/>
      <line num="1314" type="stmt" count="0"/>
      <line num="1335" type="method" name="chunkGenerator" visibility="public" complexity="8" crap="72" count="0"/>
      <line num="1337" type="stmt" count="0"/>
      <line num="1338" type="stmt" count="0"/>
      <line num="1339" type="stmt" count="0"/>
      <line num="1341" type="stmt" count="0"/>
      <line num="1343" type="stmt" count="0"/>
      <line num="1344" type="stmt" count="0"/>
      <line num="1345" type="stmt" count="0"/>
      <line num="1348" type="stmt" count="0"/>
      <line num="1351" type="stmt" count="0"/>
      <line num="1353" type="stmt" count="0"/>
      <line num="1354" type="stmt" count="0"/>
      <line num="1359" type="stmt" count="0"/>
      <line num="1360" type="stmt" count="0"/>
      <line num="1361" type="stmt" count="0"/>
      <line num="1364" type="stmt" count="0"/>
      <line num="1365" type="stmt" count="0"/>
      <line num="1367" type="stmt" count="0"/>
      <line num="1369" type="stmt" count="0"/>
      <line num="1372" type="stmt" count="0"/>
      <line num="1384" type="method" name="getClauseBuilder" visibility="protected" complexity="2" crap="6" count="0"/>
      <line num="1386" type="stmt" count="0"/>
      <line num="1387" type="stmt" count="0"/>
      <line num="1388" type="stmt" count="0"/>
      <line num="1389" type="stmt" count="0"/>
      <line num="1390" type="stmt" count="0"/>
      <line num="1393" type="stmt" count="0"/>
      <line num="1401" type="method" name="getLastChanged" visibility="protected" complexity="3" crap="12" count="0"/>
      <line num="1403" type="stmt" count="0"/>
      <line num="1404" type="stmt" count="0"/>
      <line num="1408" type="stmt" count="0"/>
      <line num="1410" type="stmt" count="0"/>
      <line num="1411" type="stmt" count="0"/>
      <line num="1412" type="stmt" count="0"/>
      <line num="1415" type="stmt" count="0"/>
      <line num="1429" type="method" name="getQueryCacheKey" visibility="protected" complexity="2" crap="6" count="0"/>
      <line num="1436" type="stmt" count="0"/>
      <line num="1437" type="stmt" count="0"/>
      <line num="1440" type="stmt" count="0"/>
      <line num="1442" type="stmt" count="0"/>
      <line num="1443" type="stmt" count="0"/>
      <line num="1444" type="stmt" count="0"/>
      <line num="1445" type="stmt" count="0"/>
      <line num="1446" type="stmt" count="0"/>
      <line num="1447" type="stmt" count="0"/>
      <line num="1450" type="stmt" count="0"/>
      <line num="1452" type="stmt" count="0"/>
      <line num="1462" type="method" name="getQueryableSet" visibility="protected" complexity="3" crap="12" count="0"/>
      <line num="1464" type="stmt" count="0"/>
      <line num="1465" type="stmt" count="0"/>
      <line num="1468" type="stmt" count="0"/>
      <line num="1469" type="stmt" count="0"/>
      <line num="1470" type="stmt" count="0"/>
      <line num="1472" type="stmt" count="0"/>
      <line num="1484" type="method" name="getDataFormat" visibility="private" complexity="2" crap="6" count="0"/>
      <line num="1486" type="stmt" count="0"/>
      <line num="1487" type="stmt" count="0"/>
      <line num="1489" type="stmt" count="0"/>
      <line num="1490" type="stmt" count="0"/>
      <line num="1493" type="stmt" count="0"/>
      <line num="1503" type="method" name="fetchByIds" visibility="private" complexity="7" crap="56" count="0"/>
      <line num="1505" type="stmt" count="0"/>
      <line num="1506" type="stmt" count="0"/>
      <line num="1509" type="stmt" count="0"/>
      <line num="1510" type="stmt" count="0"/>
      <line num="1511" type="stmt" count="0"/>
      <line num="1513" type="stmt" count="0"/>
      <line num="1514" type="stmt" count="0"/>
      <line num="1517" type="stmt" count="0"/>
      <line num="1518" type="stmt" count="0"/>
      <line num="1519" type="stmt" count="0"/>
      <line num="1520" type="stmt" count="0"/>
      <line num="1522" type="stmt" count="0"/>
      <line num="1527" type="stmt" count="0"/>
      <line num="1528" type="stmt" count="0"/>
      <line num="1531" type="stmt" count="0"/>
      <line num="1532" type="stmt" count="0"/>
      <line num="1533" type="stmt" count="0"/>
      <line num="1538" type="stmt" count="0"/>
      <line num="1548" type="method" name="sanitizeIds" visibility="private" complexity="4" crap="20" count="0"/>
      <line num="1550" type="stmt" count="0"/>
      <line num="1551" type="stmt" count="0"/>
      <line num="1553" type="stmt" count="0"/>
      <line num="1554" type="stmt" count="0"/>
      <line num="1556" type="stmt" count="0"/>
      <line num="1557" type="stmt" count="0"/>
      <line num="1560" type="stmt" count="0"/>
      <line num="1561" type="stmt" count="0"/>
      <line num="1564" type="stmt" count="0"/>
      <line num="1574" type="method" name="toEntity" visibility="private" complexity="3" crap="12" count="0"/>
      <line num="1576" type="stmt" count="0"/>
      <line num="1577" type="stmt" count="0"/>
      <line num="1583" type="stmt" count="0"/>
      <line num="1585" type="stmt" count="0"/>
      <line num="1595" type="method" name="filterFillable" visibility="private" complexity="2" crap="6" count="0"/>
      <line num="1597" type="stmt" count="0"/>
      <line num="1598" type="stmt" count="0"/>
      <line num="1601" type="stmt" count="0"/>
      <line num="1611" type="method" name="getFromCache" visibility="private" complexity="5" crap="30" count="0"/>
      <line num="1613" type="stmt" count="0"/>
      <line num="1614" type="stmt" count="0"/>
      <line num="1617" type="stmt" count="0"/>
      <line num="1619" type="stmt" count="0"/>
      <line num="1621" type="stmt" count="0"/>
      <line num="1622" type="stmt" count="0"/>
      <line num="1625" type="stmt" count="0"/>
      <line num="1626" type="stmt" count="0"/>
      <line num="1629" type="stmt" count="0"/>
      <line num="1630" type="stmt" count="0"/>
      <line num="1633" type="stmt" count="0"/>
      <line num="1643" type="method" name="getFromQueryCache" visibility="private" complexity="4" crap="20" count="0"/>
      <line num="1645" type="stmt" count="0"/>
      <line num="1646" type="stmt" count="0"/>
      <line num="1649" type="stmt" count="0"/>
      <line num="1650" type="stmt" count="0"/>
      <line num="1652" type="stmt" count="0"/>
      <line num="1661" type="method" name="setCache" visibility="private" complexity="2" crap="6" count="0"/>
      <line num="1663" type="stmt" count="0"/>
      <line num="1664" type="stmt" count="0"/>
      <line num="1667" type="stmt" count="0"/>
      <line num="1676" type="method" name="setQueryCache" visibility="private" complexity="3" crap="12" count="0"/>
      <line num="1678" type="stmt" count="0"/>
      <line num="1679" type="stmt" count="0"/>
      <line num="1682" type="stmt" count="0"/>
      <line num="1690" type="method" name="clearCache" visibility="private" complexity="2" crap="6" count="0"/>
      <line num="1692" type="stmt" count="0"/>
      <line num="1693" type="stmt" count="0"/>
      <line num="1696" type="stmt" count="0"/>
      <line num="1702" type="method" name="validateConfiguration" visibility="private" complexity="6" crap="42" count="0"/>
      <line num="1704" type="stmt" count="0"/>
      <line num="1705" type="stmt" count="0"/>
      <line num="1708" type="stmt" count="0"/>
      <line num="1709" type="stmt" count="0"/>
      <line num="1712" type="stmt" count="0"/>
      <line num="1713" type="stmt" count="0"/>
      <line num="1716" type="stmt" count="0"/>
      <line num="1717" type="stmt" count="0"/>
      <line num="1724" type="method" name="__clone" visibility="private" complexity="1" crap="2" count="0"/>
      <line num="1727" type="stmt" count="0"/>
      <line num="1732" type="method" name="__wakeup" visibility="public" complexity="1" crap="2" count="0"/>
      <line num="1734" type="stmt" count="0"/>
      <metrics loc="1737" ncloc="1191" classes="1" methods="46" coveredmethods="0" conditionals="0" coveredconditionals="0" statements="556" coveredstatements="0" elements="602" coveredelements="0"/>
    </file>
    <file name="/app/src/ClauseBuilder.php">
      <class name="WPTechnix\WPModels\ClauseBuilder" namespace="global">
        <metrics complexity="66" methods="14" coveredmethods="0" conditionals="0" coveredconditionals="0" statements="130" coveredstatements="0" elements="144" coveredelements="0"/>
      </class>
      <line num="9" type="stmt" count="0"/>
      <line num="72" type="method" name="__construct" visibility="public" complexity="1" crap="2" count="0"/>
      <line num="74" type="stmt" count="0"/>
      <line num="75" type="stmt" count="0"/>
      <line num="87" type="method" name="buildWhere" visibility="public" complexity="2" crap="6" count="0"/>
      <line num="89" type="stmt" count="0"/>
      <line num="90" type="stmt" count="0"/>
      <line num="93" type="stmt" count="0"/>
      <line num="95" type="stmt" count="0"/>
      <line num="107" type="method" name="buildOrderBy" visibility="public" complexity="5" crap="30" count="0"/>
      <line num="109" type="stmt" count="0"/>
      <line num="110" type="stmt" count="0"/>
      <line num="113" type="stmt" count="0"/>
      <line num="115" type="stmt" count="0"/>
      <line num="116" type="stmt" count="0"/>
      <line num="117" type="stmt" count="0"/>
      <line num="120" type="stmt" count="0"/>
      <line num="121" type="stmt" count="0"/>
      <line num="124" type="stmt" count="0"/>
      <line num="136" type="method" name="getPlaceholder" visibility="public" complexity="4" crap="20" count="0"/>
      <line num="138" type="stmt" count="0"/>
      <line num="139" type="stmt" count="0"/>
      <line num="142" type="stmt" count="0"/>
      <line num="143" type="stmt" count="0"/>
      <line num="146" type="stmt" count="0"/>
      <line num="158" type="method" name="attributesToConditions" visibility="public" complexity="2" crap="6" count="0"/>
      <line num="160" type="stmt" count="0"/>
      <line num="162" type="stmt" count="0"/>
      <line num="163" type="stmt" count="0"/>
      <line num="166" type="stmt" count="0"/>
      <line num="180" type="method" name="normalizeConditions" visibility="private" complexity="8" crap="72" count="0"/>
      <line num="182" type="stmt" count="0"/>
      <line num="185" type="stmt" count="0"/>
      <line num="186" type="stmt" count="0"/>
      <line num="187" type="stmt" count="0"/>
      <line num="188" type="stmt" count="0"/>
      <line num="190" type="stmt" count="0"/>
      <line num="191" type="stmt" count="0"/>
      <line num="194" type="stmt" count="0"/>
      <line num="198" type="stmt" count="0"/>
      <line num="199" type="stmt" count="0"/>
      <line num="200" type="stmt" count="0"/>
      <line num="201" type="stmt" count="0"/>
      <line num="202" type="stmt" count="0"/>
      <line num="205" type="stmt" count="0"/>
      <line num="207" type="stmt" count="0"/>
      <line num="208" type="stmt" count="0"/>
      <line num="209" type="stmt" count="0"/>
      <line num="213" type="stmt" count="0"/>
      <line num="214" type="stmt" count="0"/>
      <line num="216" type="stmt" count="0"/>
      <line num="221" type="stmt" count="0"/>
      <line num="224" type="stmt" count="0"/>
      <line num="225" type="stmt" count="0"/>
      <line num="226" type="stmt" count="0"/>
      <line num="227" type="stmt" count="0"/>
      <line num="240" type="method" name="isSingleCondition" visibility="private" complexity="2" crap="6" count="0"/>
      <line num="242" type="stmt" count="0"/>
      <line num="254" type="method" name="isNestedGroup" visibility="private" complexity="5" crap="30" count="0"/>
      <line num="256" type="stmt" count="0"/>
      <line num="257" type="stmt" count="0"/>
      <line num="261" type="stmt" count="0"/>
      <line num="262" type="stmt" count="0"/>
      <line num="263" type="stmt" count="0"/>
      <line num="267" type="stmt" count="0"/>
      <line num="282" type="method" name="validateCondition" visibility="private" complexity="12" crap="156" count="0"/>
      <line num="284" type="stmt" count="0"/>
      <line num="285" type="stmt" count="0"/>
      <line num="288" type="stmt" count="0"/>
      <line num="290" type="stmt" count="0"/>
      <line num="291" type="stmt" count="0"/>
      <line num="294" type="stmt" count="0"/>
      <line num="295" type="stmt" count="0"/>
      <line num="298" type="stmt" count="0"/>
      <line num="299" type="stmt" count="0"/>
      <line num="301" type="stmt" count="0"/>
      <line num="302" type="stmt" count="0"/>
      <line num="304" type="stmt" count="0"/>
      <line num="305" type="stmt" count="0"/>
      <line num="308" type="stmt" count="0"/>
      <line num="313" type="stmt" count="0"/>
      <line num="314" type="stmt" count="0"/>
      <line num="317" type="stmt" count="0"/>
      <line num="318" type="stmt" count="0"/>
      <line num="319" type="stmt" count="0"/>
      <line num="320" type="stmt" count="0"/>
      <line num="321" type="stmt" count="0"/>
      <line num="333" type="method" name="compileConditions" visibility="private" complexity="8" crap="72" count="0"/>
      <line num="335" type="stmt" count="0"/>
      <line num="336" type="stmt" count="0"/>
      <line num="339" type="stmt" count="0"/>
      <line num="340" type="stmt" count="0"/>
      <line num="342" type="stmt" count="0"/>
      <line num="343" type="stmt" count="0"/>
      <line num="344" type="stmt" count="0"/>
      <line num="348" type="stmt" count="0"/>
      <line num="350" type="stmt" count="0"/>
      <line num="352" type="stmt" count="0"/>
      <line num="353" type="stmt" count="0"/>
      <line num="354" type="stmt" count="0"/>
      <line num="357" type="stmt" count="0"/>
      <line num="362" type="stmt" count="0"/>
      <line num="364" type="stmt" count="0"/>
      <line num="365" type="stmt" count="0"/>
      <line num="368" type="stmt" count="0"/>
      <line num="369" type="stmt" count="0"/>
      <line num="372" type="stmt" count="0"/>
      <line num="373" type="stmt" count="0"/>
      <line num="376" type="stmt" count="0"/>
      <line num="378" type="stmt" count="0"/>
      <line num="390" type="method" name="compileSingleCondition" visibility="private" complexity="6" crap="42" count="0"/>
      <line num="392" type="stmt" count="0"/>
      <line num="393" type="stmt" count="0"/>
      <line num="394" type="stmt" count="0"/>
      <line num="396" type="stmt" count="0"/>
      <line num="397" type="stmt" count="0"/>
      <line num="400" type="stmt" count="0"/>
      <line num="401" type="stmt" count="0"/>
      <line num="404" type="stmt" count="0"/>
      <line num="405" type="stmt" count="0"/>
      <line num="409" type="stmt" count="0"/>
      <line num="411" type="stmt" count="0"/>
      <line num="424" type="method" name="compileNullCondition" visibility="private" complexity="3" crap="12" count="0"/>
      <line num="426" type="stmt" count="0"/>
      <line num="427" type="stmt" count="0"/>
      <line num="430" type="stmt" count="0"/>
      <line num="431" type="stmt" count="0"/>
      <line num="436" type="stmt" count="0"/>
      <line num="452" type="method" name="compileBetweenCondition" visibility="private" complexity="3" crap="12" count="0"/>
      <line num="454" type="stmt" count="0"/>
      <line num="455" type="stmt" count="0"/>
      <line num="458" type="stmt" count="0"/>
      <line num="459" type="stmt" count="0"/>
      <line num="460" type="stmt" count="0"/>
      <line num="462" type="stmt" count="0"/>
      <line num="476" type="method" name="compileInCondition" visibility="private" complexity="5" crap="30" count="0"/>
      <line num="478" type="stmt" count="0"/>
      <line num="479" type="stmt" count="0"/>
      <line num="482" type="stmt" count="0"/>
      <line num="485" type="stmt" count="0"/>
      <line num="488" type="stmt" count="0"/>
      <line num="490" type="stmt" count="0"/>
      <line num="491" type="stmt" count="0"/>
      <line num="494" type="stmt" count="0"/>
      <line num="496" type="stmt" count="0"/>
      <metrics loc="499" ncloc="319" classes="1" methods="14" coveredmethods="0" conditionals="0" coveredconditionals="0" statements="131" coveredstatements="0" elements="145" coveredelements="0"/>
    </file>
    <file name="/app/src/PaginatedResult.php">
      <class name="WPTechnix\WPModels\PaginatedResult" namespace="global">
        <metrics complexity="37" methods="22" coveredmethods="0" conditionals="0" coveredconditionals="0" statements="57" coveredstatements="0" elements="79" coveredelements="0"/>
      </class>
      <line num="9" type="stmt" count="0"/>
      <line num="30" type="method" name="__construct" visibility="public" complexity="1" crap="2" count="0"/>
      <line num="37" type="stmt" count="0"/>
      <line num="47" type="method" name="empty" visibility="public" complexity="1" crap="2" count="0"/>
      <line num="49" type="stmt" count="0"/>
      <line num="57" type="method" name="isEmpty" visibility="public" complexity="1" crap="2" count="0"/>
      <line num="59" type="stmt" count="0"/>
      <line num="67" type="method" name="isNotEmpty" visibility="public" complexity="1" crap="2" count="0"/>
      <line num="69" type="stmt" count="0"/>
      <line num="77" type="method" name="count" visibility="public" complexity="1" crap="2" count="0"/>
      <line num="79" type="stmt" count="0"/>
      <line num="87" type="method" name="hasNextPage" visibility="public" complexity="1" crap="2" count="0"/>
      <line num="89" type="stmt" count="0"/>
      <line num="97" type="method" name="hasPreviousPage" visibility="public" complexity="1" crap="2" count="0"/>
      <line num="99" type="stmt" count="0"/>
      <line num="107" type="method" name="getNextPage" visibility="public" complexity="2" crap="6" count="0"/>
      <line num="109" type="stmt" count="0"/>
      <line num="117" type="method" name="getPreviousPage" visibility="public" complexity="2" crap="6" count="0"/>
      <line num="119" type="stmt" count="0"/>
      <line num="127" type="method" name="isFirstPage" visibility="public" complexity="1" crap="2" count="0"/>
      <line num="129" type="stmt" count="0"/>
      <line num="137" type="method" name="isLastPage" visibility="public" complexity="1" crap="2" count="0"/>
      <line num="139" type="stmt" count="0"/>
      <line num="149" type="method" name="getFromNumber" visibility="public" complexity="2" crap="6" count="0"/>
      <line num="151" type="stmt" count="0"/>
      <line num="152" type="stmt" count="0"/>
      <line num="155" type="stmt" count="0"/>
      <line num="165" type="method" name="getToNumber" visibility="public" complexity="2" crap="6" count="0"/>
      <line num="167" type="stmt" count="0"/>
      <line num="168" type="stmt" count="0"/>
      <line num="171" type="stmt" count="0"/>
      <line num="179" type="method" name="getItemsList" visibility="public" complexity="1" crap="2" count="0"/>
      <line num="181" type="stmt" count="0"/>
      <line num="189" type="method" name="getIds" visibility="public" complexity="1" crap="2" count="0"/>
      <line num="191" type="stmt" count="0"/>
      <line num="199" type="method" name="first" visibility="public" complexity="2" crap="6" count="0"/>
      <line num="201" type="stmt" count="0"/>
      <line num="202" type="stmt" count="0"/>
      <line num="205" type="stmt" count="0"/>
      <line num="213" type="method" name="last" visibility="public" complexity="2" crap="6" count="0"/>
      <line num="215" type="stmt" count="0"/>
      <line num="216" type="stmt" count="0"/>
      <line num="219" type="stmt" count="0"/>
      <line num="231" type="method" name="map" visibility="public" complexity="2" crap="6" count="0"/>
      <line num="233" type="stmt" count="0"/>
      <line num="235" type="stmt" count="0"/>
      <line num="236" type="stmt" count="0"/>
      <line num="239" type="stmt" count="0"/>
      <line num="247" type="method" name="getMeta" visibility="public" complexity="1" crap="2" count="0"/>
      <line num="249" type="stmt" count="0"/>
      <line num="250" type="stmt" count="0"/>
      <line num="251" type="stmt" count="0"/>
      <line num="252" type="stmt" count="0"/>
      <line num="253" type="stmt" count="0"/>
      <line num="254" type="stmt" count="0"/>
      <line num="255" type="stmt" count="0"/>
      <line num="256" type="stmt" count="0"/>
      <line num="272" type="method" name="toArray" visibility="public" complexity="1" crap="2" count="0"/>
      <line num="274" type="stmt" count="0"/>
      <line num="275" type="stmt" count="0"/>
      <line num="276" type="stmt" count="0"/>
      <line num="277" type="stmt" count="0"/>
      <line num="295" type="method" name="jsonSerialize" visibility="public" complexity="1" crap="2" count="0"/>
      <line num="297" type="stmt" count="0"/>
      <line num="310" type="method" name="getPageNumbers" visibility="public" complexity="9" crap="90" count="0"/>
      <line num="312" type="stmt" count="0"/>
      <line num="313" type="stmt" count="0"/>
      <line num="316" type="stmt" count="0"/>
      <line num="317" type="stmt" count="0"/>
      <line num="319" type="stmt" count="0"/>
      <line num="321" type="stmt" count="0"/>
      <line num="324" type="stmt" count="0"/>
      <line num="327" type="stmt" count="0"/>
      <line num="329" type="stmt" count="0"/>
      <line num="330" type="stmt" count="0"/>
      <line num="334" type="stmt" count="0"/>
      <line num="335" type="stmt" count="0"/>
      <line num="338" type="stmt" count="0"/>
      <line num="339" type="stmt" count="0"/>
      <line num="342" type="stmt" count="0"/>
      <metrics loc="345" ncloc="185" classes="1" methods="22" coveredmethods="0" conditionals="0" coveredconditionals="0" statements="58" coveredstatements="0" elements="80" coveredelements="0"/>
    </file>
    <metrics files="4" loc="3945" ncloc="2431" classes="4" methods="124" coveredmethods="0" conditionals="0" coveredconditionals="0" statements="1056" coveredstatements="0" elements="1180" coveredelements="0"/>
  </project>
</coverage>
